2025-04-01 08:03:03 [INFO]  Dataset loading...
2025-04-01 08:03:03 [INFO] Original dataset: 174 samples, 450 features.
2025-04-01 08:03:10 [INFO]  PCA applied: Reduction from 450 to 98 features.
2025-04-01 08:03:10 [INFO]  Total variance explained by PCA: 97.06%
2025-04-01 08:03:12 [INFO] 
 **Dataset Summary**
--------------------------
 Training samples: 139
 Testing samples: 35
 Number of features: 98

 **Class distribution (Training set):**
    Class 0: 68 samples (48.92%)
    Class 1: 71 samples (51.08%)

 **Class distribution (Test set):**
    Class 0: 17 samples (48.57%)
    Class 1: 18 samples (51.43%)
2025-04-01 08:03:12 [INFO] Training MLP with random_state=42, hidden_layer_sizes=(400, 200), activation=relu, solver=adam, alpha=0.001, learning_rate=adaptive, learning_rate_init=0.1, validation_fraction=0.1, n_iter_no_change=10, early_stopping=True, shuffle=True, verbose=True
2025-04-01 08:03:13 [INFO]     Fold 1/5 in progress...
2025-04-01 08:03:13 [INFO]     Fold 1/5 accuracy = 0.7143
2025-04-01 08:03:13 [INFO]     Fold 2/5 in progress...
2025-04-01 08:03:14 [INFO]     Fold 2/5 accuracy = 0.8571
2025-04-01 08:03:14 [INFO]     Fold 3/5 in progress...
2025-04-01 08:03:14 [INFO]     Fold 3/5 accuracy = 0.8214
2025-04-01 08:03:14 [INFO]     Fold 4/5 in progress...
2025-04-01 08:03:15 [INFO]     Fold 4/5 accuracy = 0.8214
2025-04-01 08:03:15 [INFO]     Fold 5/5 in progress...
2025-04-01 08:03:15 [INFO]     Fold 5/5 accuracy = 0.8889
2025-04-01 08:03:15 [INFO]  Cross-validation folds=5: mean_acc=0.8206
2025-04-01 08:03:15 [INFO] === Run 1/30 results with seed=42 ===
